This file contains any messages produced by compilers while
running configure, to aid debugging if configure makes a mistake.

It was created by spice configure 0.12.8, which was
generated by GNU Autoconf 2.69.  Invocation command line was

  $ ./configure --prefix=/usr --enable-manual=no

## --------- ##
## Platform. ##
## --------- ##

hostname = localhost.localdomain
uname -m = x86_64
uname -r = 3.10.0-327.el7.x86_64
uname -s = Linux
uname -v = #1 SMP Thu Nov 19 22:10:57 UTC 2015

/usr/bin/uname -p = x86_64
/bin/uname -X     = unknown

/bin/arch              = x86_64
/usr/bin/arch -k       = unknown
/usr/convex/getsysinfo = unknown
/usr/bin/hostinfo      = unknown
/bin/machine           = unknown
/usr/bin/oslevel       = unknown
/bin/universe          = unknown

PATH: /usr/local/sbin
PATH: /usr/local/bin
PATH: /usr/sbin
PATH: /usr/bin
PATH: /root/bin


## ----------- ##
## Core tests. ##
## ----------- ##

configure:2579: checking for a BSD-compatible install
configure:2647: result: /usr/bin/install -c
configure:2658: checking whether build environment is sane
configure:2713: result: yes
configure:2864: checking for a thread-safe mkdir -p
configure:2903: result: /usr/bin/mkdir -p
configure:2910: checking for gawk
configure:2926: found /usr/bin/gawk
configure:2937: result: gawk
configure:2948: checking whether make sets $(MAKE)
configure:2970: result: yes
configure:2999: checking whether make supports nested variables
configure:3016: result: yes
configure:3143: checking whether to enable maintainer-specific portions of Makefiles
configure:3152: result: no
configure:3214: checking for gcc
configure:3230: found /usr/bin/gcc
configure:3241: result: gcc
configure:3470: checking for C compiler version
configure:3479: gcc --version >&5
gcc (GCC) 4.8.5 20150623 (Red Hat 4.8.5-4)
Copyright (C) 2015 Free Software Foundation, Inc.
This is free software; see the source for copying conditions.  There is NO
warranty; not even for MERCHANTABILITY or FITNESS FOR A PARTICULAR PURPOSE.

configure:3490: $? = 0
configure:3479: gcc -v >&5
Using built-in specs.
COLLECT_GCC=gcc
COLLECT_LTO_WRAPPER=/usr/libexec/gcc/x86_64-redhat-linux/4.8.5/lto-wrapper
Target: x86_64-redhat-linux
Configured with: ../configure --prefix=/usr --mandir=/usr/share/man --infodir=/usr/share/info --with-bugurl=http://bugzilla.redhat.com/bugzilla --enable-bootstrap --enable-shared --enable-threads=posix --enable-checking=release --with-system-zlib --enable-__cxa_atexit --disable-libunwind-exceptions --enable-gnu-unique-object --enable-linker-build-id --with-linker-hash-style=gnu --enable-languages=c,c++,objc,obj-c++,java,fortran,ada,go,lto --enable-plugin --enable-initfini-array --disable-libgcj --with-isl=/builddir/build/BUILD/gcc-4.8.5-20150702/obj-x86_64-redhat-linux/isl-install --with-cloog=/builddir/build/BUILD/gcc-4.8.5-20150702/obj-x86_64-redhat-linux/cloog-install --enable-gnu-indirect-function --with-tune=generic --with-arch_32=x86-64 --build=x86_64-redhat-linux
Thread model: posix
gcc version 4.8.5 20150623 (Red Hat 4.8.5-4) (GCC) 
configure:3490: $? = 0
configure:3479: gcc -V >&5
gcc: error: unrecognized command line option '-V'
gcc: fatal error: no input files
compilation terminated.
configure:3490: $? = 4
configure:3479: gcc -qversion >&5
gcc: error: unrecognized command line option '-qversion'
gcc: fatal error: no input files
compilation terminated.
configure:3490: $? = 4
configure:3510: checking whether the C compiler works
configure:3532: gcc    conftest.c  >&5
configure:3536: $? = 0
configure:3584: result: yes
configure:3587: checking for C compiler default output file name
configure:3589: result: a.out
configure:3595: checking for suffix of executables
configure:3602: gcc -o conftest    conftest.c  >&5
configure:3606: $? = 0
configure:3628: result: 
configure:3650: checking whether we are cross compiling
configure:3658: gcc -o conftest    conftest.c  >&5
configure:3662: $? = 0
configure:3669: ./conftest
configure:3673: $? = 0
configure:3688: result: no
configure:3693: checking for suffix of object files
configure:3715: gcc -c   conftest.c >&5
configure:3719: $? = 0
configure:3740: result: o
configure:3744: checking whether we are using the GNU C compiler
configure:3763: gcc -c   conftest.c >&5
configure:3763: $? = 0
configure:3772: result: yes
configure:3781: checking whether gcc accepts -g
configure:3801: gcc -c -g  conftest.c >&5
configure:3801: $? = 0
configure:3842: result: yes
configure:3859: checking for gcc option to accept ISO C89
configure:3922: gcc  -c -g -O2  conftest.c >&5
configure:3922: $? = 0
configure:3935: result: none needed
configure:3960: checking whether gcc understands -c and -o together
configure:3982: gcc -c conftest.c -o conftest2.o
configure:3985: $? = 0
configure:3982: gcc -c conftest.c -o conftest2.o
configure:3985: $? = 0
configure:3997: result: yes
configure:4025: checking for style of include used by make
configure:4053: result: GNU
configure:4079: checking dependency style of gcc
configure:4190: result: gcc3
configure:4205: checking for gcc option to accept ISO C99
configure:4354: gcc  -c -g -O2  conftest.c >&5
conftest.c:61:29: error: expected ';', ',' or ')' before 'text'
 test_restrict (ccp restrict text)
                             ^
conftest.c: In function 'main':
conftest.c:115:18: error: expected '=', ',', ';', 'asm' or '__attribute__' before 'newvar'
   char *restrict newvar = "Another string";
                  ^
conftest.c:115:18: error: 'newvar' undeclared (first use in this function)
conftest.c:115:18: note: each undeclared identifier is reported only once for each function it appears in
conftest.c:125:3: error: 'for' loop initial declarations are only allowed in C99 mode
   for (int i = 0; i < ia->datasize; ++i)
   ^
conftest.c:125:3: note: use option -std=c99 or -std=gnu99 to compile your code
configure:4354: $? = 1
configure: failed program was:
| /* confdefs.h */
| #define PACKAGE_NAME "spice"
| #define PACKAGE_TARNAME "spice"
| #define PACKAGE_VERSION "0.12.8"
| #define PACKAGE_STRING "spice 0.12.8"
| #define PACKAGE_BUGREPORT "spice-devel@lists.freedesktop.org"
| #define PACKAGE_URL ""
| #define PACKAGE "spice"
| #define VERSION "0.12.8"
| /* end confdefs.h.  */
| #include <stdarg.h>
| #include <stdbool.h>
| #include <stdlib.h>
| #include <wchar.h>
| #include <stdio.h>
| 
| // Check varargs macros.  These examples are taken from C99 6.10.3.5.
| #define debug(...) fprintf (stderr, __VA_ARGS__)
| #define showlist(...) puts (#__VA_ARGS__)
| #define report(test,...) ((test) ? puts (#test) : printf (__VA_ARGS__))
| static void
| test_varargs_macros (void)
| {
|   int x = 1234;
|   int y = 5678;
|   debug ("Flag");
|   debug ("X = %d\n", x);
|   showlist (The first, second, and third items.);
|   report (x>y, "x is %d but y is %d", x, y);
| }
| 
| // Check long long types.
| #define BIG64 18446744073709551615ull
| #define BIG32 4294967295ul
| #define BIG_OK (BIG64 / BIG32 == 4294967297ull && BIG64 % BIG32 == 0)
| #if !BIG_OK
|   your preprocessor is broken;
| #endif
| #if BIG_OK
| #else
|   your preprocessor is broken;
| #endif
| static long long int bignum = -9223372036854775807LL;
| static unsigned long long int ubignum = BIG64;
| 
| struct incomplete_array
| {
|   int datasize;
|   double data[];
| };
| 
| struct named_init {
|   int number;
|   const wchar_t *name;
|   double average;
| };
| 
| typedef const char *ccp;
| 
| static inline int
| test_restrict (ccp restrict text)
| {
|   // See if C++-style comments work.
|   // Iterate through items via the restricted pointer.
|   // Also check for declarations in for loops.
|   for (unsigned int i = 0; *(text+i) != '\0'; ++i)
|     continue;
|   return 0;
| }
| 
| // Check varargs and va_copy.
| static void
| test_varargs (const char *format, ...)
| {
|   va_list args;
|   va_start (args, format);
|   va_list args_copy;
|   va_copy (args_copy, args);
| 
|   const char *str;
|   int number;
|   float fnumber;
| 
|   while (*format)
|     {
|       switch (*format++)
| 	{
| 	case 's': // string
| 	  str = va_arg (args_copy, const char *);
| 	  break;
| 	case 'd': // int
| 	  number = va_arg (args_copy, int);
| 	  break;
| 	case 'f': // float
| 	  fnumber = va_arg (args_copy, double);
| 	  break;
| 	default:
| 	  break;
| 	}
|     }
|   va_end (args_copy);
|   va_end (args);
| }
| 
| int
| main ()
| {
| 
|   // Check bool.
|   _Bool success = false;
| 
|   // Check restrict.
|   if (test_restrict ("String literal") == 0)
|     success = true;
|   char *restrict newvar = "Another string";
| 
|   // Check varargs.
|   test_varargs ("s, d' f .", "string", 65, 34.234);
|   test_varargs_macros ();
| 
|   // Check flexible array members.
|   struct incomplete_array *ia =
|     malloc (sizeof (struct incomplete_array) + (sizeof (double) * 10));
|   ia->datasize = 10;
|   for (int i = 0; i < ia->datasize; ++i)
|     ia->data[i] = i * 1.234;
| 
|   // Check named initializers.
|   struct named_init ni = {
|     .number = 34,
|     .name = L"Test wide string",
|     .average = 543.34343,
|   };
| 
|   ni.number = 58;
| 
|   int dynamic_array[ni.number];
|   dynamic_array[ni.number - 1] = 543;
| 
|   // work around unused variable warnings
|   return (!success || bignum == 0LL || ubignum == 0uLL || newvar[0] == 'x'
| 	  || dynamic_array[ni.number - 1] != 543);
| 
|   ;
|   return 0;
| }
configure:4354: gcc -std=gnu99 -c -g -O2  conftest.c >&5
configure:4354: $? = 0
configure:4374: result: -std=gnu99
configure:4390: checking build system type
configure:4404: result: x86_64-unknown-linux-gnu
configure:4424: checking host system type
configure:4437: result: x86_64-unknown-linux-gnu
configure:4503: checking how to print strings
configure:4530: result: printf
configure:4551: checking for a sed that does not truncate output
configure:4615: result: /usr/bin/sed
configure:4633: checking for grep that handles long lines and -e
configure:4691: result: /usr/bin/grep
configure:4696: checking for egrep
configure:4758: result: /usr/bin/grep -E
configure:4763: checking for fgrep
configure:4825: result: /usr/bin/grep -F
configure:4860: checking for ld used by gcc -std=gnu99
configure:4927: result: /usr/bin/ld
configure:4934: checking if the linker (/usr/bin/ld) is GNU ld
configure:4949: result: yes
configure:4961: checking for BSD- or MS-compatible name lister (nm)
configure:5015: result: /usr/bin/nm -B
configure:5145: checking the name lister (/usr/bin/nm -B) interface
configure:5152: gcc -std=gnu99 -c -g -O2  conftest.c >&5
configure:5155: /usr/bin/nm -B "conftest.o"
configure:5158: output
0000000000000000 B some_variable
configure:5165: result: BSD nm
configure:5168: checking whether ln -s works
configure:5172: result: yes
configure:5180: checking the maximum length of command line arguments
configure:5311: result: 1572864
configure:5359: checking how to convert x86_64-unknown-linux-gnu file names to x86_64-unknown-linux-gnu format
configure:5399: result: func_convert_file_noop
configure:5406: checking how to convert x86_64-unknown-linux-gnu file names to toolchain format
configure:5426: result: func_convert_file_noop
configure:5433: checking for /usr/bin/ld option to reload object files
configure:5440: result: -r
configure:5514: checking for objdump
configure:5530: found /usr/bin/objdump
configure:5541: result: objdump
configure:5573: checking how to recognize dependent libraries
configure:5773: result: pass_all
configure:5858: checking for dlltool
configure:5888: result: no
configure:5918: checking how to associate runtime and link libraries
configure:5945: result: printf %s\n
configure:6006: checking for ar
configure:6022: found /usr/bin/ar
configure:6033: result: ar
configure:6070: checking for archiver @FILE support
configure:6087: gcc -std=gnu99 -c -g -O2  conftest.c >&5
configure:6087: $? = 0
configure:6090: ar cru libconftest.a @conftest.lst >&5
configure:6093: $? = 0
configure:6098: ar cru libconftest.a @conftest.lst >&5
ar: conftest.o: No such file or directory
configure:6101: $? = 1
configure:6113: result: @
configure:6171: checking for strip
configure:6187: found /usr/bin/strip
configure:6198: result: strip
configure:6270: checking for ranlib
configure:6286: found /usr/bin/ranlib
configure:6297: result: ranlib
configure:6399: checking command to parse /usr/bin/nm -B output from gcc -std=gnu99 object
configure:6552: gcc -std=gnu99 -c -g -O2  conftest.c >&5
configure:6555: $? = 0
configure:6559: /usr/bin/nm -B conftest.o \| sed -n -e 's/^.*[ ]\([ABCDGIRSTW][ABCDGIRSTW]*\)[ ][ ]*\([_A-Za-z][_A-Za-z0-9]*\)$/\1 \2 \2/p' | sed '/ __gnu_lto/d' \> conftest.nm
configure:6562: $? = 0
configure:6628: gcc -std=gnu99 -o conftest -g -O2   conftest.c conftstm.o >&5
configure:6631: $? = 0
configure:6669: result: ok
configure:6716: checking for sysroot
configure:6746: result: no
configure:6753: checking for a working dd
configure:6791: result: /usr/bin/dd
configure:6795: checking how to truncate binary pipes
configure:6810: result: /usr/bin/dd bs=4096 count=1
configure:6946: gcc -std=gnu99 -c -g -O2  conftest.c >&5
configure:6949: $? = 0
configure:7139: checking for mt
configure:7169: result: no
configure:7189: checking if : is a manifest tool
configure:7195: : '-?'
configure:7203: result: no
configure:7880: checking how to run the C preprocessor
configure:7911: gcc -std=gnu99 -E  conftest.c
configure:7911: $? = 0
configure:7925: gcc -std=gnu99 -E  conftest.c
conftest.c:11:28: fatal error: ac_nonexistent.h: No such file or directory
 #include <ac_nonexistent.h>
                            ^
compilation terminated.
configure:7925: $? = 1
configure: failed program was:
| /* confdefs.h */
| #define PACKAGE_NAME "spice"
| #define PACKAGE_TARNAME "spice"
| #define PACKAGE_VERSION "0.12.8"
| #define PACKAGE_STRING "spice 0.12.8"
| #define PACKAGE_BUGREPORT "spice-devel@lists.freedesktop.org"
| #define PACKAGE_URL ""
| #define PACKAGE "spice"
| #define VERSION "0.12.8"
| /* end confdefs.h.  */
| #include <ac_nonexistent.h>
configure:7950: result: gcc -std=gnu99 -E
configure:7970: gcc -std=gnu99 -E  conftest.c
configure:7970: $? = 0
configure:7984: gcc -std=gnu99 -E  conftest.c
conftest.c:11:28: fatal error: ac_nonexistent.h: No such file or directory
 #include <ac_nonexistent.h>
                            ^
compilation terminated.
configure:7984: $? = 1
configure: failed program was:
| /* confdefs.h */
| #define PACKAGE_NAME "spice"
| #define PACKAGE_TARNAME "spice"
| #define PACKAGE_VERSION "0.12.8"
| #define PACKAGE_STRING "spice 0.12.8"
| #define PACKAGE_BUGREPORT "spice-devel@lists.freedesktop.org"
| #define PACKAGE_URL ""
| #define PACKAGE "spice"
| #define VERSION "0.12.8"
| /* end confdefs.h.  */
| #include <ac_nonexistent.h>
configure:8013: checking for ANSI C header files
configure:8033: gcc -std=gnu99 -c -g -O2  conftest.c >&5
configure:8033: $? = 0
configure:8106: gcc -std=gnu99 -o conftest -g -O2   conftest.c  >&5
configure:8106: $? = 0
configure:8106: ./conftest
configure:8106: $? = 0
configure:8117: result: yes
configure:8130: checking for sys/types.h
configure:8130: gcc -std=gnu99 -c -g -O2  conftest.c >&5
configure:8130: $? = 0
configure:8130: result: yes
configure:8130: checking for sys/stat.h
configure:8130: gcc -std=gnu99 -c -g -O2  conftest.c >&5
configure:8130: $? = 0
configure:8130: result: yes
configure:8130: checking for stdlib.h
configure:8130: gcc -std=gnu99 -c -g -O2  conftest.c >&5
configure:8130: $? = 0
configure:8130: result: yes
configure:8130: checking for string.h
configure:8130: gcc -std=gnu99 -c -g -O2  conftest.c >&5
configure:8130: $? = 0
configure:8130: result: yes
configure:8130: checking for memory.h
configure:8130: gcc -std=gnu99 -c -g -O2  conftest.c >&5
configure:8130: $? = 0
configure:8130: result: yes
configure:8130: checking for strings.h
configure:8130: gcc -std=gnu99 -c -g -O2  conftest.c >&5
configure:8130: $? = 0
configure:8130: result: yes
configure:8130: checking for inttypes.h
configure:8130: gcc -std=gnu99 -c -g -O2  conftest.c >&5
configure:8130: $? = 0
configure:8130: result: yes
configure:8130: checking for stdint.h
configure:8130: gcc -std=gnu99 -c -g -O2  conftest.c >&5
configure:8130: $? = 0
configure:8130: result: yes
configure:8130: checking for unistd.h
configure:8130: gcc -std=gnu99 -c -g -O2  conftest.c >&5
configure:8130: $? = 0
configure:8130: result: yes
configure:8144: checking for dlfcn.h
configure:8144: gcc -std=gnu99 -c -g -O2  conftest.c >&5
configure:8144: $? = 0
configure:8144: result: yes
configure:8399: checking for objdir
configure:8414: result: .libs
configure:8678: checking if gcc -std=gnu99 supports -fno-rtti -fno-exceptions
configure:8696: gcc -std=gnu99 -c -g -O2  -fno-rtti -fno-exceptions conftest.c >&5
cc1: warning: command line option '-fno-rtti' is valid for C++/ObjC++ but not for C [enabled by default]
configure:8700: $? = 0
configure:8713: result: no
configure:9071: checking for gcc -std=gnu99 option to produce PIC
configure:9078: result: -fPIC -DPIC
configure:9086: checking if gcc -std=gnu99 PIC flag -fPIC -DPIC works
configure:9104: gcc -std=gnu99 -c -g -O2  -fPIC -DPIC -DPIC conftest.c >&5
configure:9108: $? = 0
configure:9121: result: yes
configure:9150: checking if gcc -std=gnu99 static flag -static works
configure:9178: result: no
configure:9193: checking if gcc -std=gnu99 supports -c -o file.o
configure:9214: gcc -std=gnu99 -c -g -O2  -o out/conftest2.o conftest.c >&5
configure:9218: $? = 0
configure:9240: result: yes
configure:9248: checking if gcc -std=gnu99 supports -c -o file.o
configure:9295: result: yes
configure:9328: checking whether the gcc -std=gnu99 linker (/usr/bin/ld -m elf_x86_64) supports shared libraries
configure:10587: result: yes
configure:10624: checking whether -lc should be explicitly linked in
configure:10632: gcc -std=gnu99 -c -g -O2  conftest.c >&5
configure:10635: $? = 0
configure:10650: gcc -std=gnu99 -shared  -fPIC -DPIC conftest.o  -v -Wl,-soname -Wl,conftest -o conftest 2\>\&1 \| /usr/bin/grep  -lc  \>/dev/null 2\>\&1
configure:10653: $? = 0
configure:10667: result: no
configure:10827: checking dynamic linker characteristics
configure:11408: gcc -std=gnu99 -o conftest -g -O2   -Wl,-rpath -Wl,/foo conftest.c  >&5
configure:11408: $? = 0
configure:11648: result: GNU/Linux ld.so
configure:11770: checking how to hardcode library paths into programs
configure:11795: result: immediate
configure:12343: checking whether stripping libraries is possible
configure:12348: result: yes
configure:12383: checking if libtool supports shared libraries
configure:12385: result: yes
configure:12388: checking whether to build shared libraries
configure:12413: result: yes
configure:12416: checking whether to build static libraries
configure:12420: result: no
configure:12458: checking whether byte ordering is bigendian
configure:12473: gcc -std=gnu99 -c -g -O2  conftest.c >&5
conftest.c:24:9: error: unknown type name 'not'
         not a universal capable compiler
         ^
conftest.c:24:15: error: expected '=', ',', ';', 'asm' or '__attribute__' before 'universal'
         not a universal capable compiler
               ^
conftest.c:24:15: error: unknown type name 'universal'
configure:12473: $? = 1
configure: failed program was:
| /* confdefs.h */
| #define PACKAGE_NAME "spice"
| #define PACKAGE_TARNAME "spice"
| #define PACKAGE_VERSION "0.12.8"
| #define PACKAGE_STRING "spice 0.12.8"
| #define PACKAGE_BUGREPORT "spice-devel@lists.freedesktop.org"
| #define PACKAGE_URL ""
| #define PACKAGE "spice"
| #define VERSION "0.12.8"
| #define STDC_HEADERS 1
| #define HAVE_SYS_TYPES_H 1
| #define HAVE_SYS_STAT_H 1
| #define HAVE_STDLIB_H 1
| #define HAVE_STRING_H 1
| #define HAVE_MEMORY_H 1
| #define HAVE_STRINGS_H 1
| #define HAVE_INTTYPES_H 1
| #define HAVE_STDINT_H 1
| #define HAVE_UNISTD_H 1
| #define HAVE_DLFCN_H 1
| #define LT_OBJDIR ".libs/"
| /* end confdefs.h.  */
| #ifndef __APPLE_CC__
| 	       not a universal capable compiler
| 	     #endif
| 	     typedef int dummy;
| 
configure:12518: gcc -std=gnu99 -c -g -O2  conftest.c >&5
configure:12518: $? = 0
configure:12536: gcc -std=gnu99 -c -g -O2  conftest.c >&5
conftest.c: In function 'main':
conftest.c:30:4: error: unknown type name 'not'
    not big endian
    ^
conftest.c:30:12: error: expected '=', ',', ';', 'asm' or '__attribute__' before 'endian'
    not big endian
            ^
configure:12536: $? = 1
configure: failed program was:
| /* confdefs.h */
| #define PACKAGE_NAME "spice"
| #define PACKAGE_TARNAME "spice"
| #define PACKAGE_VERSION "0.12.8"
| #define PACKAGE_STRING "spice 0.12.8"
| #define PACKAGE_BUGREPORT "spice-devel@lists.freedesktop.org"
| #define PACKAGE_URL ""
| #define PACKAGE "spice"
| #define VERSION "0.12.8"
| #define STDC_HEADERS 1
| #define HAVE_SYS_TYPES_H 1
| #define HAVE_SYS_STAT_H 1
| #define HAVE_STDLIB_H 1
| #define HAVE_STRING_H 1
| #define HAVE_MEMORY_H 1
| #define HAVE_STRINGS_H 1
| #define HAVE_INTTYPES_H 1
| #define HAVE_STDINT_H 1
| #define HAVE_UNISTD_H 1
| #define HAVE_DLFCN_H 1
| #define LT_OBJDIR ".libs/"
| /* end confdefs.h.  */
| #include <sys/types.h>
| 		#include <sys/param.h>
| 
| int
| main ()
| {
| #if BYTE_ORDER != BIG_ENDIAN
| 		 not big endian
| 		#endif
| 
|   ;
|   return 0;
| }
configure:12664: result: no
configure:12686: checking for python2
configure:12704: found /usr/bin/python2
configure:12716: result: /usr/bin/python2
configure:12781: checking for pkg-config
configure:12799: found /usr/bin/pkg-config
configure:12811: result: /usr/bin/pkg-config
configure:12836: checking pkg-config is at least version 0.9.0
configure:12839: result: yes
configure:12850: checking sys/time.h usability
configure:12850: gcc -std=gnu99 -c -g -O2  conftest.c >&5
configure:12850: $? = 0
configure:12850: result: yes
configure:12850: checking sys/time.h presence
configure:12850: gcc -std=gnu99 -E  conftest.c
configure:12850: $? = 0
configure:12850: result: yes
configure:12850: checking for sys/time.h
configure:12850: result: yes
configure:12862: checking execinfo.h usability
configure:12862: gcc -std=gnu99 -c -g -O2  conftest.c >&5
configure:12862: $? = 0
configure:12862: result: yes
configure:12862: checking execinfo.h presence
configure:12862: gcc -std=gnu99 -E  conftest.c
configure:12862: $? = 0
configure:12862: result: yes
configure:12862: checking for execinfo.h
configure:12862: result: yes
configure:12874: checking linux/sockios.h usability
configure:12874: gcc -std=gnu99 -c -g -O2  conftest.c >&5
configure:12874: $? = 0
configure:12874: result: yes
configure:12874: checking linux/sockios.h presence
configure:12874: gcc -std=gnu99 -E  conftest.c
configure:12874: $? = 0
configure:12874: result: yes
configure:12874: checking for linux/sockios.h
configure:12874: result: yes
configure:12884: checking for size_t
configure:12884: gcc -std=gnu99 -c -g -O2  conftest.c >&5
configure:12884: $? = 0
configure:12884: gcc -std=gnu99 -c -g -O2  conftest.c >&5
conftest.c: In function 'main':
conftest.c:62:21: error: expected expression before ')' token
 if (sizeof ((size_t)))
                     ^
configure:12884: $? = 1
configure: failed program was:
| /* confdefs.h */
| #define PACKAGE_NAME "spice"
| #define PACKAGE_TARNAME "spice"
| #define PACKAGE_VERSION "0.12.8"
| #define PACKAGE_STRING "spice 0.12.8"
| #define PACKAGE_BUGREPORT "spice-devel@lists.freedesktop.org"
| #define PACKAGE_URL ""
| #define PACKAGE "spice"
| #define VERSION "0.12.8"
| #define STDC_HEADERS 1
| #define HAVE_SYS_TYPES_H 1
| #define HAVE_SYS_STAT_H 1
| #define HAVE_STDLIB_H 1
| #define HAVE_STRING_H 1
| #define HAVE_MEMORY_H 1
| #define HAVE_STRINGS_H 1
| #define HAVE_INTTYPES_H 1
| #define HAVE_STDINT_H 1
| #define HAVE_UNISTD_H 1
| #define HAVE_DLFCN_H 1
| #define LT_OBJDIR ".libs/"
| #define HAVE_SYS_TIME_H 1
| #define HAVE_EXECINFO_H 1
| #define HAVE_LINUX_SOCKIOS_H 1
| /* end confdefs.h.  */
| #include <stdio.h>
| #ifdef HAVE_SYS_TYPES_H
| # include <sys/types.h>
| #endif
| #ifdef HAVE_SYS_STAT_H
| # include <sys/stat.h>
| #endif
| #ifdef STDC_HEADERS
| # include <stdlib.h>
| # include <stddef.h>
| #else
| # ifdef HAVE_STDLIB_H
| #  include <stdlib.h>
| # endif
| #endif
| #ifdef HAVE_STRING_H
| # if !defined STDC_HEADERS && defined HAVE_MEMORY_H
| #  include <memory.h>
| # endif
| # include <string.h>
| #endif
| #ifdef HAVE_STRINGS_H
| # include <strings.h>
| #endif
| #ifdef HAVE_INTTYPES_H
| # include <inttypes.h>
| #endif
| #ifdef HAVE_STDINT_H
| # include <stdint.h>
| #endif
| #ifdef HAVE_UNISTD_H
| # include <unistd.h>
| #endif
| int
| main ()
| {
| if (sizeof ((size_t)))
| 	    return 0;
|   ;
|   return 0;
| }
configure:12884: result: yes
configure:12897: checking for working alloca.h
configure:12914: gcc -std=gnu99 -o conftest -g -O2   conftest.c  >&5
configure:12914: $? = 0
configure:12922: result: yes
configure:12930: checking for alloca
configure:12967: gcc -std=gnu99 -o conftest -g -O2   conftest.c  >&5
configure:12967: $? = 0
configure:12975: result: yes
configure:13231: checking for SMARTCARD
configure:13238: $PKG_CONFIG --exists --print-errors "libcacard >= 2.5.1"
Package libcacard was not found in the pkg-config search path.
Perhaps you should add the directory containing `libcacard.pc'
to the PKG_CONFIG_PATH environment variable
No package 'libcacard' found
configure:13241: $? = 1
configure:13255: $PKG_CONFIG --exists --print-errors "libcacard >= 2.5.1"
Package libcacard was not found in the pkg-config search path.
Perhaps you should add the directory containing `libcacard.pc'
to the PKG_CONFIG_PATH environment variable
No package 'libcacard' found
configure:13258: $? = 1
configure:13272: result: no
No package 'libcacard' found
configure:13303: checking for SMARTCARD
configure:13310: $PKG_CONFIG --exists --print-errors "libcacard >= 0.1.2"
Package libcacard was not found in the pkg-config search path.
Perhaps you should add the directory containing `libcacard.pc'
to the PKG_CONFIG_PATH environment variable
No package 'libcacard' found
configure:13313: $? = 1
configure:13327: $PKG_CONFIG --exists --print-errors "libcacard >= 0.1.2"
Package libcacard was not found in the pkg-config search path.
Perhaps you should add the directory containing `libcacard.pc'
to the PKG_CONFIG_PATH environment variable
No package 'libcacard' found
configure:13330: $? = 1
configure:13344: result: no
No package 'libcacard' found
configure:13619: checking for cos in -lm
configure:13644: gcc -std=gnu99 -o conftest -g -O2   conftest.c -lm   >&5
conftest.c:35:6: warning: conflicting types for built-in function 'cos' [enabled by default]
 char cos ();
      ^
configure:13644: $? = 0
configure:13653: result: yes
configure:13665: checking for clock_gettime in -lrt
configure:13690: gcc -std=gnu99 -o conftest -g -O2   conftest.c -lrt   >&5
configure:13690: $? = 0
configure:13699: result: yes
configure:13720: checking for SPICE_PROTOCOL
configure:13727: $PKG_CONFIG --exists --print-errors "spice-protocol >= $SPICE_PROTOCOL_MIN_VER"
configure:13730: $? = 0
configure:13744: $PKG_CONFIG --exists --print-errors "spice-protocol >= $SPICE_PROTOCOL_MIN_VER"
configure:13747: $? = 0
configure:13805: result: yes
configure:13813: checking for GLIB2
configure:13820: $PKG_CONFIG --exists --print-errors "glib-2.0 >= 2.22"
configure:13823: $? = 0
configure:13837: $PKG_CONFIG --exists --print-errors "glib-2.0 >= 2.22"
configure:13840: $? = 0
configure:13898: result: yes
configure:13906: checking for PIXMAN
configure:13913: $PKG_CONFIG --exists --print-errors "pixman-1 >= 0.17.7"
configure:13916: $? = 0
configure:13930: $PKG_CONFIG --exists --print-errors "pixman-1 >= 0.17.7"
configure:13933: $? = 0
configure:13991: result: yes
configure:14010: checking for CELT051
configure:14017: $PKG_CONFIG --exists --print-errors "celt051 >= 0.5.1.1"
configure:14020: $? = 0
configure:14034: $PKG_CONFIG --exists --print-errors "celt051 >= 0.5.1.1"
configure:14037: $? = 0
configure:14095: result: yes
configure:14103: checking for SSL
configure:14110: $PKG_CONFIG --exists --print-errors "openssl"
configure:14113: $? = 0
configure:14127: $PKG_CONFIG --exists --print-errors "openssl"
configure:14130: $? = 0
configure:14188: result: yes
configure:14196: checking for jpeg_destroy_decompress in -ljpeg
configure:14221: gcc -std=gnu99 -o conftest -g -O2   conftest.c -ljpeg   >&5
configure:14221: $? = 0
configure:14230: result: yes
configure:14233: checking for jpeglib.h
configure:14243: gcc -std=gnu99 -E  conftest.c
configure:14243: $? = 0
configure:14245: result: 
configure:14257: checking for deflate in -lz
configure:14282: gcc -std=gnu99 -o conftest -g -O2   conftest.c -lz   >&5
configure:14282: $? = 0
configure:14291: result: yes
configure:14323: checking sasl/sasl.h usability
configure:14323: gcc -std=gnu99 -c -g -O2   conftest.c >&5
configure:14323: $? = 0
configure:14323: result: yes
configure:14323: checking sasl/sasl.h presence
configure:14323: gcc -std=gnu99 -E  conftest.c
configure:14323: $? = 0
configure:14323: result: yes
configure:14323: checking for sasl/sasl.h
configure:14323: result: yes
configure:14337: checking for sasl_client_init in -lsasl2
configure:14362: gcc -std=gnu99 -o conftest -g -O2    conftest.c -lsasl2    >&5
configure:14362: $? = 0
configure:14371: result: yes
configure:14594: checking whether C compiler handles -Werror -Wunknown-warning-option
configure:14613: gcc -std=gnu99 -o conftest -g -O2  -Werror -Wunknown-warning-option   conftest.c  >&5
gcc: error: unrecognized command line option '-Wunknown-warning-option'
configure:14613: $? = 1
configure: failed program was:
| /* confdefs.h */
| #define PACKAGE_NAME "spice"
| #define PACKAGE_TARNAME "spice"
| #define PACKAGE_VERSION "0.12.8"
| #define PACKAGE_STRING "spice 0.12.8"
| #define PACKAGE_BUGREPORT "spice-devel@lists.freedesktop.org"
| #define PACKAGE_URL ""
| #define PACKAGE "spice"
| #define VERSION "0.12.8"
| #define STDC_HEADERS 1
| #define HAVE_SYS_TYPES_H 1
| #define HAVE_SYS_STAT_H 1
| #define HAVE_STDLIB_H 1
| #define HAVE_STRING_H 1
| #define HAVE_MEMORY_H 1
| #define HAVE_STRINGS_H 1
| #define HAVE_INTTYPES_H 1
| #define HAVE_STDINT_H 1
| #define HAVE_UNISTD_H 1
| #define HAVE_DLFCN_H 1
| #define LT_OBJDIR ".libs/"
| #define HAVE_SYS_TIME_H 1
| #define HAVE_EXECINFO_H 1
| #define HAVE_LINUX_SOCKIOS_H 1
| #define HAVE_ALLOCA_H 1
| #define HAVE_ALLOCA 1
| #define HAVE_SASL 1
| /* end confdefs.h.  */
| 
| int
| main ()
| {
| 
|   ;
|   return 0;
| }
configure:14623: result: no
configure:14713: checking whether -Wno-missing-field-initializers is supported
configure:14732: gcc -std=gnu99 -c -g -O2 -W -Werror -Wno-missing-field-initializers  conftest.c >&5
configure:14732: $? = 0
configure:14741: result: yes
configure:14745: checking whether -Wno-missing-field-initializers is needed
configure:14769: gcc -std=gnu99 -c -g -O2 -W -Werror  conftest.c >&5
configure:14769: $? = 0
configure:14779: result: no
configure:14783: checking whether -Wuninitialized is supported
configure:14802: gcc -std=gnu99 -c -g -O2 -Werror -Wuninitialized  conftest.c >&5
configure:14802: $? = 0
configure:14811: result: yes
configure:14993: checking whether C compiler handles -W
configure:15012: gcc -std=gnu99 -o conftest -g -O2  -W   conftest.c  >&5
configure:15012: $? = 0
configure:15023: result: yes
configure:14993: checking whether C compiler handles -Waddress
configure:15012: gcc -std=gnu99 -o conftest -g -O2  -Waddress   conftest.c  >&5
configure:15012: $? = 0
configure:15023: result: yes
configure:14993: checking whether C compiler handles -Waggressive-loop-optimizations
configure:15012: gcc -std=gnu99 -o conftest -g -O2  -Waggressive-loop-optimizations   conftest.c  >&5
configure:15012: $? = 0
configure:15023: result: yes
configure:14993: checking whether C compiler handles -Wall
configure:15012: gcc -std=gnu99 -o conftest -g -O2  -Wall   conftest.c  >&5
configure:15012: $? = 0
configure:15023: result: yes
configure:14993: checking whether C compiler handles -Warray-bounds
configure:15012: gcc -std=gnu99 -o conftest -g -O2  -Warray-bounds   conftest.c  >&5
configure:15012: $? = 0
configure:15023: result: yes
configure:14993: checking whether C compiler handles -Wattributes
configure:15012: gcc -std=gnu99 -o conftest -g -O2  -Wattributes   conftest.c  >&5
configure:15012: $? = 0
configure:15023: result: yes
configure:14993: checking whether C compiler handles -Wbuiltin-macro-redefined
configure:15012: gcc -std=gnu99 -o conftest -g -O2  -Wbuiltin-macro-redefined   conftest.c  >&5
configure:15012: $? = 0
configure:15023: result: yes
configure:14993: checking whether C compiler handles -Wcast-align
configure:15012: gcc -std=gnu99 -o conftest -g -O2  -Wcast-align   conftest.c  >&5
configure:15012: $? = 0
configure:15023: result: yes
configure:14993: checking whether C compiler handles -Wchar-subscripts
configure:15012: gcc -std=gnu99 -o conftest -g -O2  -Wchar-subscripts   conftest.c  >&5
configure:15012: $? = 0
configure:15023: result: yes
configure:14993: checking whether C compiler handles -Wclobbered
configure:15012: gcc -std=gnu99 -o conftest -g -O2  -Wclobbered   conftest.c  >&5
configure:15012: $? = 0
configure:15023: result: yes
configure:14993: checking whether C compiler handles -Wcomment
configure:15012: gcc -std=gnu99 -o conftest -g -O2  -Wcomment   conftest.c  >&5
configure:15012: $? = 0
configure:15023: result: yes
configure:14993: checking whether C compiler handles -Wcomments
configure:15012: gcc -std=gnu99 -o conftest -g -O2  -Wcomments   conftest.c  >&5
configure:15012: $? = 0
configure:15023: result: yes
configure:14993: checking whether C compiler handles -Wcoverage-mismatch
configure:15012: gcc -std=gnu99 -o conftest -g -O2  -Wcoverage-mismatch   conftest.c  >&5
configure:15012: $? = 0
configure:15023: result: yes
configure:14993: checking whether C compiler handles -Wcpp
configure:15012: gcc -std=gnu99 -o conftest -g -O2  -Wcpp   conftest.c  >&5
configure:15012: $? = 0
configure:15023: result: yes
configure:14993: checking whether C compiler handles -Wdate-time
configure:15012: gcc -std=gnu99 -o conftest -g -O2  -Wdate-time   conftest.c  >&5
gcc: error: unrecognized command line option '-Wdate-time'
configure:15012: $? = 1
configure: failed program was:
| /* confdefs.h */
| #define PACKAGE_NAME "spice"
| #define PACKAGE_TARNAME "spice"
| #define PACKAGE_VERSION "0.12.8"
| #define PACKAGE_STRING "spice 0.12.8"
| #define PACKAGE_BUGREPORT "spice-devel@lists.freedesktop.org"
| #define PACKAGE_URL ""
| #define PACKAGE "spice"
| #define VERSION "0.12.8"
| #define STDC_HEADERS 1
| #define HAVE_SYS_TYPES_H 1
| #define HAVE_SYS_STAT_H 1
| #define HAVE_STDLIB_H 1
| #define HAVE_STRING_H 1
| #define HAVE_MEMORY_H 1
| #define HAVE_STRINGS_H 1
| #define HAVE_INTTYPES_H 1
| #define HAVE_STDINT_H 1
| #define HAVE_UNISTD_H 1
| #define HAVE_DLFCN_H 1
| #define LT_OBJDIR ".libs/"
| #define HAVE_SYS_TIME_H 1
| #define HAVE_EXECINFO_H 1
| #define HAVE_LINUX_SOCKIOS_H 1
| #define HAVE_ALLOCA_H 1
| #define HAVE_ALLOCA 1
| #define HAVE_SASL 1
| /* end confdefs.h.  */
| 
| int
| main ()
| {
| 
|   ;
|   return 0;
| }
configure:15023: result: no
configure:14993: checking whether C compiler handles -Wdeprecated-declarations
configure:15012: gcc -std=gnu99 -o conftest -g -O2  -Wdeprecated-declarations   conftest.c  >&5
configure:15012: $? = 0
configure:15023: result: yes
configure:14993: checking whether C compiler handles -Wdisabled-optimization
configure:15012: gcc -std=gnu99 -o conftest -g -O2  -Wdisabled-optimization   conftest.c  >&5
configure:15012: $? = 0
configure:15023: result: yes
configure:14993: checking whether C compiler handles -Wdiv-by-zero
configure:15012: gcc -std=gnu99 -o conftest -g -O2  -Wdiv-by-zero   conftest.c  >&5
configure:15012: $? = 0
configure:15023: result: yes
configure:14993: checking whether C compiler handles -Wdouble-promotion
configure:15012: gcc -std=gnu99 -o conftest -g -O2  -Wdouble-promotion   conftest.c  >&5
configure:15012: $? = 0
configure:15023: result: yes
configure:14993: checking whether C compiler handles -Wempty-body
configure:15012: gcc -std=gnu99 -o conftest -g -O2  -Wempty-body   conftest.c  >&5
configure:15012: $? = 0
configure:15023: result: yes
configure:14993: checking whether C compiler handles -Wendif-labels
configure:15012: gcc -std=gnu99 -o conftest -g -O2  -Wendif-labels   conftest.c  >&5
configure:15012: $? = 0
configure:15023: result: yes
configure:14993: checking whether C compiler handles -Wextra
configure:15012: gcc -std=gnu99 -o conftest -g -O2  -Wextra   conftest.c  >&5
configure:15012: $? = 0
configure:15023: result: yes
configure:14993: checking whether C compiler handles -Wformat-contains-nul
configure:15012: gcc -std=gnu99 -o conftest -g -O2  -Wformat-contains-nul   conftest.c  >&5
cc1: warning: -Wformat-contains-nul ignored without -Wformat [-Wformat-contains-nul]
configure:15012: $? = 0
configure:15023: result: yes
configure:14993: checking whether C compiler handles -Wformat-extra-args
configure:15012: gcc -std=gnu99 -o conftest -g -O2  -Wformat-extra-args   conftest.c  >&5
cc1: warning: -Wformat-extra-args ignored without -Wformat [-Wformat-extra-args]
configure:15012: $? = 0
configure:15023: result: yes
configure:14993: checking whether C compiler handles -Wformat-security
configure:15012: gcc -std=gnu99 -o conftest -g -O2  -Wformat-security   conftest.c  >&5
cc1: warning: -Wformat-security ignored without -Wformat [-Wformat-security]
configure:15012: $? = 0
configure:15023: result: yes
configure:14993: checking whether C compiler handles -Wformat-y2k
configure:15012: gcc -std=gnu99 -o conftest -g -O2  -Wformat-y2k   conftest.c  >&5
cc1: warning: -Wformat-y2k ignored without -Wformat [-Wformat-y2k]
configure:15012: $? = 0
configure:15023: result: yes
configure:14993: checking whether C compiler handles -Wfree-nonheap-object
configure:15012: gcc -std=gnu99 -o conftest -g -O2  -Wfree-nonheap-object   conftest.c  >&5
configure:15012: $? = 0
configure:15023: result: yes
configure:14993: checking whether C compiler handles -Wignored-qualifiers
configure:15012: gcc -std=gnu99 -o conftest -g -O2  -Wignored-qualifiers   conftest.c  >&5
configure:15012: $? = 0
configure:15023: result: yes
configure:14993: checking whether C compiler handles -Wimplicit
configure:15012: gcc -std=gnu99 -o conftest -g -O2  -Wimplicit   conftest.c  >&5
configure:15012: $? = 0
configure:15023: result: yes
configure:14993: checking whether C compiler handles -Wimplicit-function-declaration
configure:15012: gcc -std=gnu99 -o conftest -g -O2  -Wimplicit-function-declaration   conftest.c  >&5
configure:15012: $? = 0
configure:15023: result: yes
configure:14993: checking whether C compiler handles -Wimplicit-int
configure:15012: gcc -std=gnu99 -o conftest -g -O2  -Wimplicit-int   conftest.c  >&5
configure:15012: $? = 0
configure:15023: result: yes
configure:14993: checking whether C compiler handles -Winit-self
configure:15012: gcc -std=gnu99 -o conftest -g -O2  -Winit-self   conftest.c  >&5
configure:15012: $? = 0
configure:15023: result: yes
configure:14993: checking whether C compiler handles -Wint-to-pointer-cast
configure:15012: gcc -std=gnu99 -o conftest -g -O2  -Wint-to-pointer-cast   conftest.c  >&5
configure:15012: $? = 0
configure:15023: result: yes
configure:14993: checking whether C compiler handles -Winvalid-memory-model
configure:15012: gcc -std=gnu99 -o conftest -g -O2  -Winvalid-memory-model   conftest.c  >&5
configure:15012: $? = 0
configure:15023: result: yes
configure:14993: checking whether C compiler handles -Winvalid-pch
configure:15012: gcc -std=gnu99 -o conftest -g -O2  -Winvalid-pch   conftest.c  >&5
configure:15012: $? = 0
configure:15023: result: yes
configure:14993: checking whether C compiler handles -Wlogical-op
configure:15012: gcc -std=gnu99 -o conftest -g -O2  -Wlogical-op   conftest.c  >&5
configure:15012: $? = 0
configure:15023: result: yes
configure:14993: checking whether C compiler handles -Wmain
configure:15012: gcc -std=gnu99 -o conftest -g -O2  -Wmain   conftest.c  >&5
configure:15012: $? = 0
configure:15023: result: yes
configure:14993: checking whether C compiler handles -Wmaybe-uninitialized
configure:15012: gcc -std=gnu99 -o conftest -g -O2  -Wmaybe-uninitialized   conftest.c  >&5
configure:15012: $? = 0
configure:15023: result: yes
configure:14993: checking whether C compiler handles -Wmissing-braces
configure:15012: gcc -std=gnu99 -o conftest -g -O2  -Wmissing-braces   conftest.c  >&5
configure:15012: $? = 0
configure:15023: result: yes
configure:14993: checking whether C compiler handles -Wmissing-field-initializers
configure:15012: gcc -std=gnu99 -o conftest -g -O2  -Wmissing-field-initializers   conftest.c  >&5
configure:15012: $? = 0
configure:15023: result: yes
configure:14993: checking whether C compiler handles -Wmissing-include-dirs
configure:15012: gcc -std=gnu99 -o conftest -g -O2  -Wmissing-include-dirs   conftest.c  >&5
configure:15012: $? = 0
configure:15023: result: yes
configure:14993: checking whether C compiler handles -Wmissing-parameter-type
configure:15012: gcc -std=gnu99 -o conftest -g -O2  -Wmissing-parameter-type   conftest.c  >&5
configure:15012: $? = 0
configure:15023: result: yes
configure:14993: checking whether C compiler handles -Wmultichar
configure:15012: gcc -std=gnu99 -o conftest -g -O2  -Wmultichar   conftest.c  >&5
configure:15012: $? = 0
configure:15023: result: yes
configure:14993: checking whether C compiler handles -Wnarrowing
configure:15012: gcc -std=gnu99 -o conftest -g -O2  -Wnarrowing   conftest.c  >&5
configure:15012: $? = 0
configure:15023: result: yes
configure:14993: checking whether C compiler handles -Wnonnull
configure:15012: gcc -std=gnu99 -o conftest -g -O2  -Wnonnull   conftest.c  >&5
configure:15012: $? = 0
configure:15023: result: yes
configure:14993: checking whether C compiler handles -Wold-style-declaration
configure:15012: gcc -std=gnu99 -o conftest -g -O2  -Wold-style-declaration   conftest.c  >&5
configure:15012: $? = 0
configure:15023: result: yes
configure:14993: checking whether C compiler handles -Wopenmp-simd
configure:15012: gcc -std=gnu99 -o conftest -g -O2  -Wopenmp-simd   conftest.c  >&5
gcc: error: unrecognized command line option '-Wopenmp-simd'
configure:15012: $? = 1
configure: failed program was:
| /* confdefs.h */
| #define PACKAGE_NAME "spice"
| #define PACKAGE_TARNAME "spice"
| #define PACKAGE_VERSION "0.12.8"
| #define PACKAGE_STRING "spice 0.12.8"
| #define PACKAGE_BUGREPORT "spice-devel@lists.freedesktop.org"
| #define PACKAGE_URL ""
| #define PACKAGE "spice"
| #define VERSION "0.12.8"
| #define STDC_HEADERS 1
| #define HAVE_SYS_TYPES_H 1
| #define HAVE_SYS_STAT_H 1
| #define HAVE_STDLIB_H 1
| #define HAVE_STRING_H 1
| #define HAVE_MEMORY_H 1
| #define HAVE_STRINGS_H 1
| #define HAVE_INTTYPES_H 1
| #define HAVE_STDINT_H 1
| #define HAVE_UNISTD_H 1
| #define HAVE_DLFCN_H 1
| #define LT_OBJDIR ".libs/"
| #define HAVE_SYS_TIME_H 1
| #define HAVE_EXECINFO_H 1
| #define HAVE_LINUX_SOCKIOS_H 1
| #define HAVE_ALLOCA_H 1
| #define HAVE_ALLOCA 1
| #define HAVE_SASL 1
| /* end confdefs.h.  */
| 
| int
| main ()
| {
| 
|   ;
|   return 0;
| }
configure:15023: result: no
configure:14993: checking whether C compiler handles -Woverflow
configure:15012: gcc -std=gnu99 -o conftest -g -O2  -Woverflow   conftest.c  >&5
configure:15012: $? = 0
configure:15023: result: yes
configure:14993: checking whether C compiler handles -Woverride-init
configure:15012: gcc -std=gnu99 -o conftest -g -O2  -Woverride-init   conftest.c  >&5
configure:15012: $? = 0
configure:15023: result: yes
configure:14993: checking whether C compiler handles -Wpacked-bitfield-compat
configure:15012: gcc -std=gnu99 -o conftest -g -O2  -Wpacked-bitfield-compat   conftest.c  >&5
configure:15012: $? = 0
configure:15023: result: yes
configure:14993: checking whether C compiler handles -Wparentheses
configure:15012: gcc -std=gnu99 -o conftest -g -O2  -Wparentheses   conftest.c  >&5
configure:15012: $? = 0
configure:15023: result: yes
configure:14993: checking whether C compiler handles -Wpointer-arith
configure:15012: gcc -std=gnu99 -o conftest -g -O2  -Wpointer-arith   conftest.c  >&5
configure:15012: $? = 0
configure:15023: result: yes
configure:14993: checking whether C compiler handles -Wpointer-sign
configure:15012: gcc -std=gnu99 -o conftest -g -O2  -Wpointer-sign   conftest.c  >&5
configure:15012: $? = 0
configure:15023: result: yes
configure:14993: checking whether C compiler handles -Wpragmas
configure:15012: gcc -std=gnu99 -o conftest -g -O2  -Wpragmas   conftest.c  >&5
configure:15012: $? = 0
configure:15023: result: yes
configure:14993: checking whether C compiler handles -Wreturn-local-addr
configure:15012: gcc -std=gnu99 -o conftest -g -O2  -Wreturn-local-addr   conftest.c  >&5
configure:15012: $? = 0
configure:15023: result: yes
configure:14993: checking whether C compiler handles -Wreturn-type
configure:15012: gcc -std=gnu99 -o conftest -g -O2  -Wreturn-type   conftest.c  >&5
configure:15012: $? = 0
configure:15023: result: yes
configure:14993: checking whether C compiler handles -Wsequence-point
configure:15012: gcc -std=gnu99 -o conftest -g -O2  -Wsequence-point   conftest.c  >&5
configure:15012: $? = 0
configure:15023: result: yes
configure:14993: checking whether C compiler handles -Wsizeof-pointer-memaccess
configure:15012: gcc -std=gnu99 -o conftest -g -O2  -Wsizeof-pointer-memaccess   conftest.c  >&5
configure:15012: $? = 0
configure:15023: result: yes
configure:14993: checking whether C compiler handles -Wstrict-aliasing
configure:15012: gcc -std=gnu99 -o conftest -g -O2  -Wstrict-aliasing   conftest.c  >&5
configure:15012: $? = 0
configure:15023: result: yes
configure:14993: checking whether C compiler handles -Wsuggest-attribute=const
configure:15012: gcc -std=gnu99 -o conftest -g -O2  -Wsuggest-attribute=const   conftest.c  >&5
conftest.c: In function 'main':
conftest.c:31:1: warning: function might be candidate for attribute 'const' [-Wsuggest-attribute=const]
 main ()
 ^
configure:15012: $? = 0
configure:15023: result: yes
configure:14993: checking whether C compiler handles -Wsuggest-attribute=format
configure:15012: gcc -std=gnu99 -o conftest -g -O2  -Wsuggest-attribute=format   conftest.c  >&5
configure:15012: $? = 0
configure:15023: result: yes
configure:14993: checking whether C compiler handles -Wsuggest-attribute=noreturn
configure:15012: gcc -std=gnu99 -o conftest -g -O2  -Wsuggest-attribute=noreturn   conftest.c  >&5
configure:15012: $? = 0
configure:15023: result: yes
configure:14993: checking whether C compiler handles -Wsuggest-attribute=pure
configure:15012: gcc -std=gnu99 -o conftest -g -O2  -Wsuggest-attribute=pure   conftest.c  >&5
configure:15012: $? = 0
configure:15023: result: yes
configure:14993: checking whether C compiler handles -Wswitch
configure:15012: gcc -std=gnu99 -o conftest -g -O2  -Wswitch   conftest.c  >&5
configure:15012: $? = 0
configure:15023: result: yes
configure:14993: checking whether C compiler handles -Wsync-nand
configure:15012: gcc -std=gnu99 -o conftest -g -O2  -Wsync-nand   conftest.c  >&5
configure:15012: $? = 0
configure:15023: result: yes
configure:14993: checking whether C compiler handles -Wtrampolines
configure:15012: gcc -std=gnu99 -o conftest -g -O2  -Wtrampolines   conftest.c  >&5
configure:15012: $? = 0
configure:15023: result: yes
configure:14993: checking whether C compiler handles -Wtrigraphs
configure:15012: gcc -std=gnu99 -o conftest -g -O2  -Wtrigraphs   conftest.c  >&5
configure:15012: $? = 0
configure:15023: result: yes
configure:14993: checking whether C compiler handles -Wtype-limits
configure:15012: gcc -std=gnu99 -o conftest -g -O2  -Wtype-limits   conftest.c  >&5
configure:15012: $? = 0
configure:15023: result: yes
configure:14993: checking whether C compiler handles -Wuninitialized
configure:15012: gcc -std=gnu99 -o conftest -g -O2  -Wuninitialized   conftest.c  >&5
configure:15012: $? = 0
configure:15023: result: yes
configure:14993: checking whether C compiler handles -Wunknown-pragmas
configure:15012: gcc -std=gnu99 -o conftest -g -O2  -Wunknown-pragmas   conftest.c  >&5
configure:15012: $? = 0
configure:15023: result: yes
configure:14993: checking whether C compiler handles -Wunused
configure:15012: gcc -std=gnu99 -o conftest -g -O2  -Wunused   conftest.c  >&5
configure:15012: $? = 0
configure:15023: result: yes
configure:14993: checking whether C compiler handles -Wunused-but-set-parameter
configure:15012: gcc -std=gnu99 -o conftest -g -O2  -Wunused-but-set-parameter   conftest.c  >&5
configure:15012: $? = 0
configure:15023: result: yes
configure:14993: checking whether C compiler handles -Wunused-but-set-variable
configure:15012: gcc -std=gnu99 -o conftest -g -O2  -Wunused-but-set-variable   conftest.c  >&5
configure:15012: $? = 0
configure:15023: result: yes
configure:14993: checking whether C compiler handles -Wunused-function
configure:15012: gcc -std=gnu99 -o conftest -g -O2  -Wunused-function   conftest.c  >&5
configure:15012: $? = 0
configure:15023: result: yes
configure:14993: checking whether C compiler handles -Wunused-label
configure:15012: gcc -std=gnu99 -o conftest -g -O2  -Wunused-label   conftest.c  >&5
configure:15012: $? = 0
configure:15023: result: yes
configure:14993: checking whether C compiler handles -Wunused-local-typedefs
configure:15012: gcc -std=gnu99 -o conftest -g -O2  -Wunused-local-typedefs   conftest.c  >&5
configure:15012: $? = 0
configure:15023: result: yes
configure:14993: checking whether C compiler handles -Wunused-parameter
configure:15012: gcc -std=gnu99 -o conftest -g -O2  -Wunused-parameter   conftest.c  >&5
configure:15012: $? = 0
configure:15023: result: yes
configure:14993: checking whether C compiler handles -Wunused-result
configure:15012: gcc -std=gnu99 -o conftest -g -O2  -Wunused-result   conftest.c  >&5
configure:15012: $? = 0
configure:15023: result: yes
configure:14993: checking whether C compiler handles -Wunused-value
configure:15012: gcc -std=gnu99 -o conftest -g -O2  -Wunused-value   conftest.c  >&5
configure:15012: $? = 0
configure:15023: result: yes
configure:14993: checking whether C compiler handles -Wunused-variable
configure:15012: gcc -std=gnu99 -o conftest -g -O2  -Wunused-variable   conftest.c  >&5
configure:15012: $? = 0
configure:15023: result: yes
configure:14993: checking whether C compiler handles -Wvarargs
configure:15012: gcc -std=gnu99 -o conftest -g -O2  -Wvarargs   conftest.c  >&5
configure:15012: $? = 0
configure:15023: result: yes
configure:14993: checking whether C compiler handles -Wvariadic-macros
configure:15012: gcc -std=gnu99 -o conftest -g -O2  -Wvariadic-macros   conftest.c  >&5
configure:15012: $? = 0
configure:15023: result: yes
configure:14993: checking whether C compiler handles -Wvector-operation-performance
configure:15012: gcc -std=gnu99 -o conftest -g -O2  -Wvector-operation-performance   conftest.c  >&5
configure:15012: $? = 0
configure:15023: result: yes
configure:14993: checking whether C compiler handles -Wvolatile-register-var
configure:15012: gcc -std=gnu99 -o conftest -g -O2  -Wvolatile-register-var   conftest.c  >&5
configure:15012: $? = 0
configure:15023: result: yes
configure:14993: checking whether C compiler handles -Wwrite-strings
configure:15012: gcc -std=gnu99 -o conftest -g -O2  -Wwrite-strings   conftest.c  >&5
configure:15012: $? = 0
configure:15023: result: yes
configure:14993: checking whether C compiler handles -Wnormalized=nfc
configure:15012: gcc -std=gnu99 -o conftest -g -O2  -Wnormalized=nfc   conftest.c  >&5
configure:15012: $? = 0
configure:15023: result: yes
configure:15037: checking whether C compiler handles -Wno-sign-compare
configure:15056: gcc -std=gnu99 -o conftest -g -O2  -Wsign-compare   conftest.c  >&5
configure:15056: $? = 0
configure:15066: result: yes
configure:15074: checking whether C compiler handles -Wno-unused-parameter
configure:15093: gcc -std=gnu99 -o conftest -g -O2  -Wunused-parameter   conftest.c  >&5
configure:15093: $? = 0
configure:15103: result: yes
configure:15113: checking whether C compiler handles -Wno-format-nonliteral
configure:15132: gcc -std=gnu99 -o conftest -g -O2  -Wformat-nonliteral   conftest.c  >&5
cc1: warning: -Wformat-nonliteral ignored without -Wformat [-Wformat-nonliteral]
configure:15132: $? = 0
configure:15142: result: yes
configure:15151: checking whether C compiler handles -Wno-ignored-qualifiers
configure:15170: gcc -std=gnu99 -o conftest -g -O2  -Wignored-qualifiers   conftest.c  >&5
configure:15170: $? = 0
configure:15180: result: yes
configure:15194: checking whether C compiler handles -Wno-format-nonliteral
configure:15223: result: yes
configure:15234: checking whether C compiler handles -Wframe-larger-than=20460
configure:15253: gcc -std=gnu99 -o conftest -g -O2  -Wframe-larger-than=20460   conftest.c  >&5
configure:15253: $? = 0
configure:15263: result: yes
configure:15278: checking whether C compiler handles -fstack-protector-all
configure:15297: gcc -std=gnu99 -o conftest -g -O2  -fstack-protector-all   conftest.c  >&5
configure:15297: $? = 0
configure:15307: result: yes
configure:15315: checking whether C compiler handles --param=ssp-buffer-size=4
configure:15334: gcc -std=gnu99 -o conftest -g -O2  --param=ssp-buffer-size=4   conftest.c  >&5
configure:15334: $? = 0
configure:15344: result: yes
configure:15354: checking whether C compiler handles -fexceptions
configure:15373: gcc -std=gnu99 -o conftest -g -O2  -fexceptions   conftest.c  >&5
configure:15373: $? = 0
configure:15383: result: yes
configure:15391: checking whether C compiler handles -fasynchronous-unwind-tables
configure:15410: gcc -std=gnu99 -o conftest -g -O2  -fasynchronous-unwind-tables   conftest.c  >&5
configure:15410: $? = 0
configure:15420: result: yes
configure:15428: checking whether C compiler handles -fdiagnostics-show-option
configure:15447: gcc -std=gnu99 -o conftest -g -O2  -fdiagnostics-show-option   conftest.c  >&5
configure:15447: $? = 0
configure:15457: result: yes
configure:15465: checking whether C compiler handles -funit-at-a-time
configure:15484: gcc -std=gnu99 -o conftest -g -O2  -funit-at-a-time   conftest.c  >&5
configure:15484: $? = 0
configure:15494: result: yes
configure:15505: checking whether C compiler handles -fipa-pure-const
configure:15524: gcc -std=gnu99 -o conftest -g -O2  -fipa-pure-const   conftest.c  >&5
configure:15524: $? = 0
configure:15534: result: yes
configure:15545: checking whether C compiler handles -Wno-suggest-attribute=pure
configure:15564: gcc -std=gnu99 -o conftest -g -O2  -Wsuggest-attribute=pure   conftest.c  >&5
configure:15564: $? = 0
configure:15574: result: yes
configure:15582: checking whether C compiler handles -Wno-suggest-attribute=const
configure:15601: gcc -std=gnu99 -o conftest -g -O2  -Wsuggest-attribute=const   conftest.c  >&5
conftest.c: In function 'main':
conftest.c:31:1: warning: function might be candidate for attribute 'const' [-Wsuggest-attribute=const]
 main ()
 ^
configure:15601: $? = 0
configure:15611: result: yes
configure:15666: checking whether C compiler handles -Waggregate-return
configure:15685: gcc -std=gnu99 -o conftest -g -O2  -Waggregate-return   conftest.c  >&5
configure:15685: $? = 0
configure:15695: result: yes
configure:15704: checking whether C compiler handles -Wstrict-prototypes
configure:15723: gcc -std=gnu99 -o conftest -g -O2  -Wstrict-prototypes   conftest.c  >&5
conftest.c:31:1: warning: function declaration isn't a prototype [-Wstrict-prototypes]
 main ()
 ^
configure:15723: $? = 0
configure:15733: result: yes
configure:15741: checking whether C compiler handles -Wold-style-definition
configure:15760: gcc -std=gnu99 -o conftest -g -O2  -Wold-style-definition   conftest.c  >&5
conftest.c: In function 'main':
conftest.c:31:1: warning: old-style function definition [-Wold-style-definition]
 main ()
 ^
configure:15760: $? = 0
configure:15770: result: yes
configure:15778: checking whether C compiler handles -Wnested-externs
configure:15797: gcc -std=gnu99 -o conftest -g -O2  -Wnested-externs   conftest.c  >&5
configure:15797: $? = 0
configure:15807: result: yes
configure:15815: checking whether C compiler handles -Wformat-zero-length
configure:15834: gcc -std=gnu99 -o conftest -g -O2  -Wformat-zero-length   conftest.c  >&5
cc1: warning: -Wformat-zero-length ignored without -Wformat [-Wformat-zero-length]
configure:15834: $? = 0
configure:15844: result: yes
configure:15852: checking whether C compiler handles -Wpointer-to-int-cast
configure:15871: gcc -std=gnu99 -o conftest -g -O2  -Wpointer-to-int-cast   conftest.c  >&5
configure:15871: $? = 0
configure:15881: result: yes
configure:15889: checking whether C compiler handles -Wjump-misses-init
configure:15908: gcc -std=gnu99 -o conftest -g -O2  -Wjump-misses-init   conftest.c  >&5
configure:15908: $? = 0
configure:15918: result: yes
configure:15931: checking for how to force completely read-only GOT table
configure:15944: result: -Wl,-z -Wl,relro -Wl,-z -Wl,now
configure:15948: checking for how to avoid indirect lib deps
configure:15958: result: -Wl,--no-copy-dt-needed-entries
configure:15966: checking for -fvisibility
configure:15978: gcc -std=gnu99 -c -g -O2  conftest.c >&5
configure:15978: $? = 0
configure:15986: result: yes
configure:15990: checking if -Wl,--version-script works
configure:16008: gcc -std=gnu99 -o conftest -g -O2   -Wl,--version-script=./server/spice-server.syms conftest.c  >&5
configure:16008: $? = 0
configure:16017: result: yes
configure:16043: checking whether make supports nested variables
configure:16060: result: yes
configure:16182: checking that generated files are newer than configure
configure:16188: result: done
configure:16248: creating ./config.status

## ---------------------- ##
## Running config.status. ##
## ---------------------- ##

This file was extended by spice config.status 0.12.8, which was
generated by GNU Autoconf 2.69.  Invocation command line was

  CONFIG_FILES    = 
  CONFIG_HEADERS  = 
  CONFIG_LINKS    = 
  CONFIG_COMMANDS = 
  $ ./config.status 

on localhost.localdomain

config.status:1193: creating Makefile
config.status:1193: creating spice-server.pc
config.status:1193: creating server/Makefile
config.status:1193: creating server/spice-version.h
config.status:1193: creating server/tests/Makefile
config.status:1193: creating docs/Makefile
config.status:1193: creating docs/manual/Makefile
config.status:1193: creating config.h
config.status:1374: config.h is unchanged
config.status:1422: executing depfiles commands
config.status:1422: executing libtool commands
configure:18463: === configuring in spice-common (/root/spice-0.12.8/spice-common)
configure:18526: running /bin/sh ./configure --disable-option-checking '--prefix=/usr'  '--enable-manual=no' 'PKG_CONFIG_PATH=/opt/intel/opencl:' --cache-file=/dev/null --srcdir=.

## ---------------- ##
## Cache variables. ##
## ---------------- ##

ac_cv_build=x86_64-unknown-linux-gnu
ac_cv_c_bigendian=no
ac_cv_c_compiler_gnu=yes
ac_cv_env_CC_set=
ac_cv_env_CC_value=
ac_cv_env_CELT051_CFLAGS_set=
ac_cv_env_CELT051_CFLAGS_value=
ac_cv_env_CELT051_LIBS_set=
ac_cv_env_CELT051_LIBS_value=
ac_cv_env_CFLAGS_set=
ac_cv_env_CFLAGS_value=
ac_cv_env_CPPFLAGS_set=
ac_cv_env_CPPFLAGS_value=
ac_cv_env_CPP_set=
ac_cv_env_CPP_value=
ac_cv_env_GLIB2_CFLAGS_set=
ac_cv_env_GLIB2_CFLAGS_value=
ac_cv_env_GLIB2_LIBS_set=
ac_cv_env_GLIB2_LIBS_value=
ac_cv_env_LDFLAGS_set=
ac_cv_env_LDFLAGS_value=
ac_cv_env_LIBS_set=
ac_cv_env_LIBS_value=
ac_cv_env_LT_SYS_LIBRARY_PATH_set=
ac_cv_env_LT_SYS_LIBRARY_PATH_value=
ac_cv_env_LZ4_CFLAGS_set=
ac_cv_env_LZ4_CFLAGS_value=
ac_cv_env_LZ4_LIBS_set=
ac_cv_env_LZ4_LIBS_value=
ac_cv_env_PIXMAN_CFLAGS_set=
ac_cv_env_PIXMAN_CFLAGS_value=
ac_cv_env_PIXMAN_LIBS_set=
ac_cv_env_PIXMAN_LIBS_value=
ac_cv_env_PKG_CONFIG_LIBDIR_set=
ac_cv_env_PKG_CONFIG_LIBDIR_value=
ac_cv_env_PKG_CONFIG_PATH_set=set
ac_cv_env_PKG_CONFIG_PATH_value=/opt/intel/opencl:
ac_cv_env_PKG_CONFIG_set=
ac_cv_env_PKG_CONFIG_value=
ac_cv_env_SMARTCARD_CFLAGS_set=
ac_cv_env_SMARTCARD_CFLAGS_value=
ac_cv_env_SMARTCARD_LIBS_set=
ac_cv_env_SMARTCARD_LIBS_value=
ac_cv_env_SPICE_PROTOCOL_CFLAGS_set=
ac_cv_env_SPICE_PROTOCOL_CFLAGS_value=
ac_cv_env_SPICE_PROTOCOL_LIBS_set=
ac_cv_env_SPICE_PROTOCOL_LIBS_value=
ac_cv_env_SSL_CFLAGS_set=
ac_cv_env_SSL_CFLAGS_value=
ac_cv_env_SSL_LIBS_set=
ac_cv_env_SSL_LIBS_value=
ac_cv_env_build_alias_set=
ac_cv_env_build_alias_value=
ac_cv_env_host_alias_set=
ac_cv_env_host_alias_value=
ac_cv_env_target_alias_set=
ac_cv_env_target_alias_value=
ac_cv_func_alloca_works=yes
ac_cv_header_dlfcn_h=yes
ac_cv_header_execinfo_h=yes
ac_cv_header_inttypes_h=yes
ac_cv_header_linux_sockios_h=yes
ac_cv_header_memory_h=yes
ac_cv_header_sasl_sasl_h=yes
ac_cv_header_stdc=yes
ac_cv_header_stdint_h=yes
ac_cv_header_stdlib_h=yes
ac_cv_header_string_h=yes
ac_cv_header_strings_h=yes
ac_cv_header_sys_stat_h=yes
ac_cv_header_sys_time_h=yes
ac_cv_header_sys_types_h=yes
ac_cv_header_unistd_h=yes
ac_cv_host=x86_64-unknown-linux-gnu
ac_cv_lib_jpeg_jpeg_destroy_decompress=yes
ac_cv_lib_m_cos=yes
ac_cv_lib_rt_clock_gettime=yes
ac_cv_lib_sasl2_sasl_client_init=yes
ac_cv_lib_z_deflate=yes
ac_cv_objext=o
ac_cv_path_EGREP='/usr/bin/grep -E'
ac_cv_path_FGREP='/usr/bin/grep -F'
ac_cv_path_GREP=/usr/bin/grep
ac_cv_path_PYTHON=/usr/bin/python2
ac_cv_path_SED=/usr/bin/sed
ac_cv_path_ac_pt_PKG_CONFIG=/usr/bin/pkg-config
ac_cv_path_install='/usr/bin/install -c'
ac_cv_path_lt_DD=/usr/bin/dd
ac_cv_path_mkdir=/usr/bin/mkdir
ac_cv_prog_AWK=gawk
ac_cv_prog_CPP='gcc -std=gnu99 -E'
ac_cv_prog_ac_ct_AR=ar
ac_cv_prog_ac_ct_CC=gcc
ac_cv_prog_ac_ct_OBJDUMP=objdump
ac_cv_prog_ac_ct_RANLIB=ranlib
ac_cv_prog_ac_ct_STRIP=strip
ac_cv_prog_cc_c89=
ac_cv_prog_cc_c99=-std=gnu99
ac_cv_prog_cc_g=yes
ac_cv_prog_make_make_set=yes
ac_cv_type_size_t=yes
ac_cv_working_alloca_h=yes
am_cv_CC_dependencies_compiler_type=gcc3
am_cv_make_support_nested_variables=yes
am_cv_prog_cc_c_o=yes
gl_cv_cc_nomfi_needed=no
gl_cv_cc_nomfi_supported=yes
gl_cv_cc_uninitialized_supported=yes
gl_cv_warn_c__W=yes
gl_cv_warn_c__Waddress=yes
gl_cv_warn_c__Waggregate_return=yes
gl_cv_warn_c__Waggressive_loop_optimizations=yes
gl_cv_warn_c__Wall=yes
gl_cv_warn_c__Warray_bounds=yes
gl_cv_warn_c__Wattributes=yes
gl_cv_warn_c__Wbuiltin_macro_redefined=yes
gl_cv_warn_c__Wcast_align=yes
gl_cv_warn_c__Wchar_subscripts=yes
gl_cv_warn_c__Wclobbered=yes
gl_cv_warn_c__Wcomment=yes
gl_cv_warn_c__Wcomments=yes
gl_cv_warn_c__Wcoverage_mismatch=yes
gl_cv_warn_c__Wcpp=yes
gl_cv_warn_c__Wdate_time=no
gl_cv_warn_c__Wdeprecated_declarations=yes
gl_cv_warn_c__Wdisabled_optimization=yes
gl_cv_warn_c__Wdiv_by_zero=yes
gl_cv_warn_c__Wdouble_promotion=yes
gl_cv_warn_c__Wempty_body=yes
gl_cv_warn_c__Wendif_labels=yes
gl_cv_warn_c__Werror__Wunknown_warning_option=no
gl_cv_warn_c__Wextra=yes
gl_cv_warn_c__Wformat_contains_nul=yes
gl_cv_warn_c__Wformat_extra_args=yes
gl_cv_warn_c__Wformat_security=yes
gl_cv_warn_c__Wformat_y2k=yes
gl_cv_warn_c__Wformat_zero_length=yes
gl_cv_warn_c__Wframe_larger_than_20460=yes
gl_cv_warn_c__Wfree_nonheap_object=yes
gl_cv_warn_c__Wignored_qualifiers=yes
gl_cv_warn_c__Wimplicit=yes
gl_cv_warn_c__Wimplicit_function_declaration=yes
gl_cv_warn_c__Wimplicit_int=yes
gl_cv_warn_c__Winit_self=yes
gl_cv_warn_c__Wint_to_pointer_cast=yes
gl_cv_warn_c__Winvalid_memory_model=yes
gl_cv_warn_c__Winvalid_pch=yes
gl_cv_warn_c__Wjump_misses_init=yes
gl_cv_warn_c__Wlogical_op=yes
gl_cv_warn_c__Wmain=yes
gl_cv_warn_c__Wmaybe_uninitialized=yes
gl_cv_warn_c__Wmissing_braces=yes
gl_cv_warn_c__Wmissing_field_initializers=yes
gl_cv_warn_c__Wmissing_include_dirs=yes
gl_cv_warn_c__Wmissing_parameter_type=yes
gl_cv_warn_c__Wmultichar=yes
gl_cv_warn_c__Wnarrowing=yes
gl_cv_warn_c__Wnested_externs=yes
gl_cv_warn_c__Wno_format_nonliteral=yes
gl_cv_warn_c__Wno_ignored_qualifiers=yes
gl_cv_warn_c__Wno_sign_compare=yes
gl_cv_warn_c__Wno_suggest_attribute_const=yes
gl_cv_warn_c__Wno_suggest_attribute_pure=yes
gl_cv_warn_c__Wno_unused_parameter=yes
gl_cv_warn_c__Wnonnull=yes
gl_cv_warn_c__Wnormalized_nfc=yes
gl_cv_warn_c__Wold_style_declaration=yes
gl_cv_warn_c__Wold_style_definition=yes
gl_cv_warn_c__Wopenmp_simd=no
gl_cv_warn_c__Woverflow=yes
gl_cv_warn_c__Woverride_init=yes
gl_cv_warn_c__Wpacked_bitfield_compat=yes
gl_cv_warn_c__Wparentheses=yes
gl_cv_warn_c__Wpointer_arith=yes
gl_cv_warn_c__Wpointer_sign=yes
gl_cv_warn_c__Wpointer_to_int_cast=yes
gl_cv_warn_c__Wpragmas=yes
gl_cv_warn_c__Wreturn_local_addr=yes
gl_cv_warn_c__Wreturn_type=yes
gl_cv_warn_c__Wsequence_point=yes
gl_cv_warn_c__Wsizeof_pointer_memaccess=yes
gl_cv_warn_c__Wstrict_aliasing=yes
gl_cv_warn_c__Wstrict_prototypes=yes
gl_cv_warn_c__Wsuggest_attribute_const=yes
gl_cv_warn_c__Wsuggest_attribute_format=yes
gl_cv_warn_c__Wsuggest_attribute_noreturn=yes
gl_cv_warn_c__Wsuggest_attribute_pure=yes
gl_cv_warn_c__Wswitch=yes
gl_cv_warn_c__Wsync_nand=yes
gl_cv_warn_c__Wtrampolines=yes
gl_cv_warn_c__Wtrigraphs=yes
gl_cv_warn_c__Wtype_limits=yes
gl_cv_warn_c__Wuninitialized=yes
gl_cv_warn_c__Wunknown_pragmas=yes
gl_cv_warn_c__Wunused=yes
gl_cv_warn_c__Wunused_but_set_parameter=yes
gl_cv_warn_c__Wunused_but_set_variable=yes
gl_cv_warn_c__Wunused_function=yes
gl_cv_warn_c__Wunused_label=yes
gl_cv_warn_c__Wunused_local_typedefs=yes
gl_cv_warn_c__Wunused_parameter=yes
gl_cv_warn_c__Wunused_result=yes
gl_cv_warn_c__Wunused_value=yes
gl_cv_warn_c__Wunused_variable=yes
gl_cv_warn_c__Wvarargs=yes
gl_cv_warn_c__Wvariadic_macros=yes
gl_cv_warn_c__Wvector_operation_performance=yes
gl_cv_warn_c__Wvolatile_register_var=yes
gl_cv_warn_c__Wwrite_strings=yes
gl_cv_warn_c___param_ssp_buffer_size_4=yes
gl_cv_warn_c__fasynchronous_unwind_tables=yes
gl_cv_warn_c__fdiagnostics_show_option=yes
gl_cv_warn_c__fexceptions=yes
gl_cv_warn_c__fipa_pure_const=yes
gl_cv_warn_c__fstack_protector_all=yes
gl_cv_warn_c__funit_at_a_time=yes
lt_cv_ar_at_file=@
lt_cv_archive_cmds_need_lc=no
lt_cv_deplibs_check_method=pass_all
lt_cv_file_magic_cmd='$MAGIC_CMD'
lt_cv_file_magic_test_file=
lt_cv_ld_reload_flag=-r
lt_cv_nm_interface='BSD nm'
lt_cv_objdir=.libs
lt_cv_path_LD=/usr/bin/ld
lt_cv_path_NM='/usr/bin/nm -B'
lt_cv_path_mainfest_tool=no
lt_cv_prog_compiler_c_o=yes
lt_cv_prog_compiler_pic='-fPIC -DPIC'
lt_cv_prog_compiler_pic_works=yes
lt_cv_prog_compiler_rtti_exceptions=no
lt_cv_prog_compiler_static_works=no
lt_cv_prog_gnu_ld=yes
lt_cv_sharedlib_from_linklib_cmd='printf %s\n'
lt_cv_shlibpath_overrides_runpath=no
lt_cv_sys_global_symbol_pipe='sed -n -e '\''s/^.*[	 ]\([ABCDGIRSTW][ABCDGIRSTW]*\)[	 ][	 ]*\([_A-Za-z][_A-Za-z0-9]*\)$/\1 \2 \2/p'\'' | sed '\''/ __gnu_lto/d'\'''
lt_cv_sys_global_symbol_to_c_name_address='sed -n -e '\''s/^: \(.*\) .*$/  {"\1", (void *) 0},/p'\'' -e '\''s/^[ABCDGIRSTW][ABCDGIRSTW]* .* \(.*\)$/  {"\1", (void *) \&\1},/p'\'''
lt_cv_sys_global_symbol_to_c_name_address_lib_prefix='sed -n -e '\''s/^: \(.*\) .*$/  {"\1", (void *) 0},/p'\'' -e '\''s/^[ABCDGIRSTW][ABCDGIRSTW]* .* \(lib.*\)$/  {"\1", (void *) \&\1},/p'\'' -e '\''s/^[ABCDGIRSTW][ABCDGIRSTW]* .* \(.*\)$/  {"lib\1", (void *) \&\1},/p'\'''
lt_cv_sys_global_symbol_to_cdecl='sed -n -e '\''s/^T .* \(.*\)$/extern int \1();/p'\'' -e '\''s/^[ABCDGIRSTW][ABCDGIRSTW]* .* \(.*\)$/extern char \1;/p'\'''
lt_cv_sys_global_symbol_to_import=
lt_cv_sys_max_cmd_len=1572864
lt_cv_to_host_file_cmd=func_convert_file_noop
lt_cv_to_tool_file_cmd=func_convert_file_noop
lt_cv_truncate_bin='/usr/bin/dd bs=4096 count=1'
pkg_cv_CELT051_CFLAGS=' '
pkg_cv_CELT051_LIBS='-lcelt051 -lm  '
pkg_cv_GLIB2_CFLAGS='-I/usr/include/glib-2.0 -I/usr/lib64/glib-2.0/include  '
pkg_cv_GLIB2_LIBS='-lglib-2.0  '
pkg_cv_PIXMAN_CFLAGS='-I/usr/include/pixman-1  '
pkg_cv_PIXMAN_LIBS='-lpixman-1  '
pkg_cv_SPICE_PROTOCOL_CFLAGS='-I/usr/include/spice-1  '
pkg_cv_SPICE_PROTOCOL_LIBS=' '
pkg_cv_SSL_CFLAGS=' '
pkg_cv_SSL_LIBS='-lssl -lcrypto  '
spice_cv_ld_version_script=yes

## ----------------- ##
## Output variables. ##
## ----------------- ##

A2X=''
ACLOCAL='${SHELL} /root/spice-0.12.8/missing aclocal-1.15'
ALLOCA=''
AMDEPBACKSLASH='\'
AMDEP_FALSE='#'
AMDEP_TRUE=''
AMTAR='$${TAR-tar}'
AM_BACKSLASH='\'
AM_DEFAULT_V='$(AM_DEFAULT_VERBOSITY)'
AM_DEFAULT_VERBOSITY='0'
AM_V='$(V)'
AR='ar'
ASCIIDOC=''
AUTOCONF='${SHELL} /root/spice-0.12.8/missing autoconf'
AUTOHEADER='${SHELL} /root/spice-0.12.8/missing autoheader'
AUTOMAKE='${SHELL} /root/spice-0.12.8/missing automake-1.15'
AWK='gawk'
BUILD_CHUNKED_MANUAL_FALSE=''
BUILD_CHUNKED_MANUAL_TRUE='#'
BUILD_HTML_MANUAL_FALSE=''
BUILD_HTML_MANUAL_TRUE='#'
BUILD_MANUAL_FALSE=''
BUILD_MANUAL_TRUE='#'
CC='gcc -std=gnu99'
CCDEPMODE='depmode=gcc3'
CELT051_CFLAGS=' '
CELT051_LIBS='-lcelt051 -lm  '
CFLAGS='-g -O2'
COMMON_CFLAGS='-I ${top_srcdir}/spice-common/ -I ${top_builddir}/spice-common/'
CPP='gcc -std=gnu99 -E'
CPPFLAGS=''
CYGPATH_W='echo'
DEFS='-DHAVE_CONFIG_H'
DEPDIR='.deps'
DLLTOOL='false'
DSYMUTIL=''
DUMPBIN=''
ECHO_C=''
ECHO_N='-n'
ECHO_T=''
EGREP='/usr/bin/grep -E'
EXEEXT=''
FGREP='/usr/bin/grep -F'
GLIB2_CFLAGS='-I/usr/include/glib-2.0 -I/usr/lib64/glib-2.0/include  '
GLIB2_LIBS='-lglib-2.0  '
GREP='/usr/bin/grep'
HAVE_GL_FALSE=''
HAVE_GL_TRUE='#'
HAVE_LD_VERSION_SCRIPT_FALSE='#'
HAVE_LD_VERSION_SCRIPT_TRUE=''
HAVE_SASL_FALSE='#'
HAVE_SASL_TRUE=''
HAVE_SMARTCARD_FALSE=''
HAVE_SMARTCARD_TRUE='#'
INSTALL_DATA='${INSTALL} -m 644'
INSTALL_PROGRAM='${INSTALL}'
INSTALL_SCRIPT='${INSTALL}'
INSTALL_STRIP_PROGRAM='$(install_sh) -c -s'
JPEG_LIBS='-ljpeg'
LD='/usr/bin/ld -m elf_x86_64'
LDFLAGS=''
LIBM='-lm'
LIBOBJS=''
LIBRT='-lrt'
LIBS=''
LIBTOOL='$(SHELL) $(top_builddir)/libtool'
LIPO=''
LN_S='ln -s'
LTLIBOBJS=''
LT_SYS_LIBRARY_PATH=''
LZ4_CFLAGS=''
LZ4_LIBS=''
MAINT='#'
MAINTAINER_MODE_FALSE=''
MAINTAINER_MODE_TRUE='#'
MAKEINFO='${SHELL} /root/spice-0.12.8/missing makeinfo'
MANIFEST_TOOL=':'
MKDIR_P='/usr/bin/mkdir -p'
NM='/usr/bin/nm -B'
NMEDIT=''
NO_INDIRECT_LDFLAGS='-Wl,--no-copy-dt-needed-entries'
OBJDUMP='objdump'
OBJEXT='o'
OTOOL64=''
OTOOL=''
PACKAGE='spice'
PACKAGE_BUGREPORT='spice-devel@lists.freedesktop.org'
PACKAGE_NAME='spice'
PACKAGE_STRING='spice 0.12.8'
PACKAGE_TARNAME='spice'
PACKAGE_URL=''
PACKAGE_VERSION='0.12.8'
PATH_SEPARATOR=':'
PIXMAN_CFLAGS='-I/usr/include/pixman-1  '
PIXMAN_LIBS='-lpixman-1  '
PKG_CONFIG='/usr/bin/pkg-config'
PKG_CONFIG_LIBDIR=''
PKG_CONFIG_PATH='/opt/intel/opencl:'
PYTHON='/usr/bin/python2'
RANLIB='ranlib'
RELRO_LDFLAGS='-Wl,-z -Wl,relro -Wl,-z -Wl,now'
SASL_CFLAGS=''
SASL_LIBS=' -lsasl2'
SED='/usr/bin/sed'
SET_MAKE=''
SHELL='/bin/sh'
SMARTCARD_CFLAGS=''
SMARTCARD_LIBS=''
SPICE_LT_VERSION='11:1:10'
SPICE_NONPKGCONFIG_CFLAGS=''
SPICE_NONPKGCONFIG_LIBS=' -pthread -lm -lrt'
SPICE_PROTOCOL_CFLAGS='-I/usr/include/spice-1  '
SPICE_PROTOCOL_LIBS=' '
SPICE_PROTOCOL_MIN_VER='0.12.10'
SPICE_REQUIRES=' glib-2.0 >= 2.22 pixman-1 >= 0.17.7 celt051 >= 0.5.1.1 openssl'
SPICE_SERVER_VERSION='0x000c08'
SSL_CFLAGS=' '
SSL_LIBS='-lssl -lcrypto  '
STRIP='strip'
SUPPORT_AUTOMATED_TESTS_FALSE=''
SUPPORT_AUTOMATED_TESTS_TRUE='#'
VERSION='0.12.8'
VISIBILITY_HIDDEN_CFLAGS='-fvisibility=hidden'
WARN_CFLAGS=' -W -Waddress -Waggressive-loop-optimizations -Wall -Warray-bounds -Wattributes -Wbuiltin-macro-redefined -Wcast-align -Wchar-subscripts -Wclobbered -Wcomment -Wcomments -Wcoverage-mismatch -Wcpp -Wdeprecated-declarations -Wdisabled-optimization -Wdiv-by-zero -Wdouble-promotion -Wempty-body -Wendif-labels -Wextra -Wformat-contains-nul -Wformat-extra-args -Wformat-security -Wformat-y2k -Wfree-nonheap-object -Wignored-qualifiers -Wimplicit -Wimplicit-function-declaration -Wimplicit-int -Winit-self -Wint-to-pointer-cast -Winvalid-memory-model -Winvalid-pch -Wlogical-op -Wmain -Wmaybe-uninitialized -Wmissing-braces -Wmissing-field-initializers -Wmissing-include-dirs -Wmissing-parameter-type -Wmultichar -Wnarrowing -Wnonnull -Wold-style-declaration -Woverflow -Woverride-init -Wpacked-bitfield-compat -Wparentheses -Wpointer-arith -Wpointer-sign -Wpragmas -Wreturn-local-addr -Wreturn-type -Wsequence-point -Wsizeof-pointer-memaccess -Wstrict-aliasing -Wsuggest-attribute=const -Wsuggest-attribute=format -Wsuggest-attribute=noreturn -Wsuggest-attribute=pure -Wswitch -Wsync-nand -Wtrampolines -Wtrigraphs -Wtype-limits -Wuninitialized -Wunknown-pragmas -Wunused -Wunused-but-set-parameter -Wunused-but-set-variable -Wunused-function -Wunused-label -Wunused-local-typedefs -Wunused-parameter -Wunused-result -Wunused-value -Wunused-variable -Wvarargs -Wvariadic-macros -Wvector-operation-performance -Wvolatile-register-var -Wwrite-strings -Wnormalized=nfc -Wno-sign-compare -Wno-unused-parameter -Wno-format-nonliteral -Wno-ignored-qualifiers -Wno-format-nonliteral -Wframe-larger-than=20460 -fstack-protector-all --param=ssp-buffer-size=4 -fexceptions -fasynchronous-unwind-tables -fdiagnostics-show-option -funit-at-a-time -fipa-pure-const -Wno-suggest-attribute=pure -Wno-suggest-attribute=const -Waggregate-return -Wstrict-prototypes -Wold-style-definition -Wnested-externs -Wformat-zero-length -Wpointer-to-int-cast -Wjump-misses-init'
WARN_CXXFLAGS=' -W -Waddress -Waggressive-loop-optimizations -Wall -Warray-bounds -Wattributes -Wbuiltin-macro-redefined -Wcast-align -Wchar-subscripts -Wclobbered -Wcomment -Wcomments -Wcoverage-mismatch -Wcpp -Wdeprecated-declarations -Wdisabled-optimization -Wdiv-by-zero -Wdouble-promotion -Wempty-body -Wendif-labels -Wextra -Wformat-contains-nul -Wformat-extra-args -Wformat-security -Wformat-y2k -Wfree-nonheap-object -Wignored-qualifiers -Wimplicit -Wimplicit-function-declaration -Wimplicit-int -Winit-self -Wint-to-pointer-cast -Winvalid-memory-model -Winvalid-pch -Wlogical-op -Wmain -Wmaybe-uninitialized -Wmissing-braces -Wmissing-field-initializers -Wmissing-include-dirs -Wmissing-parameter-type -Wmultichar -Wnarrowing -Wnonnull -Wold-style-declaration -Woverflow -Woverride-init -Wpacked-bitfield-compat -Wparentheses -Wpointer-arith -Wpointer-sign -Wpragmas -Wreturn-local-addr -Wreturn-type -Wsequence-point -Wsizeof-pointer-memaccess -Wstrict-aliasing -Wsuggest-attribute=const -Wsuggest-attribute=format -Wsuggest-attribute=noreturn -Wsuggest-attribute=pure -Wswitch -Wsync-nand -Wtrampolines -Wtrigraphs -Wtype-limits -Wuninitialized -Wunknown-pragmas -Wunused -Wunused-but-set-parameter -Wunused-but-set-variable -Wunused-function -Wunused-label -Wunused-local-typedefs -Wunused-parameter -Wunused-result -Wunused-value -Wunused-variable -Wvarargs -Wvariadic-macros -Wvector-operation-performance -Wvolatile-register-var -Wwrite-strings -Wnormalized=nfc -Wno-sign-compare -Wno-unused-parameter -Wno-format-nonliteral -Wno-ignored-qualifiers -Wno-format-nonliteral -Wframe-larger-than=20460 -fstack-protector-all --param=ssp-buffer-size=4 -fexceptions -fasynchronous-unwind-tables -fdiagnostics-show-option -funit-at-a-time -fipa-pure-const -Wno-suggest-attribute=pure -Wno-suggest-attribute=const'
WARN_LDFLAGS=' -W -Waddress -Waggressive-loop-optimizations -Wall -Warray-bounds -Wattributes -Wbuiltin-macro-redefined -Wcast-align -Wchar-subscripts -Wclobbered -Wcomment -Wcomments -Wcoverage-mismatch -Wcpp -Wdeprecated-declarations -Wdisabled-optimization -Wdiv-by-zero -Wdouble-promotion -Wempty-body -Wendif-labels -Wextra -Wformat-contains-nul -Wformat-extra-args -Wformat-security -Wformat-y2k -Wfree-nonheap-object -Wignored-qualifiers -Wimplicit -Wimplicit-function-declaration -Wimplicit-int -Winit-self -Wint-to-pointer-cast -Winvalid-memory-model -Winvalid-pch -Wlogical-op -Wmain -Wmaybe-uninitialized -Wmissing-braces -Wmissing-field-initializers -Wmissing-include-dirs -Wmissing-parameter-type -Wmultichar -Wnarrowing -Wnonnull -Wold-style-declaration -Woverflow -Woverride-init -Wpacked-bitfield-compat -Wparentheses -Wpointer-arith -Wpointer-sign -Wpragmas -Wreturn-local-addr -Wreturn-type -Wsequence-point -Wsizeof-pointer-memaccess -Wstrict-aliasing -Wsuggest-attribute=const -Wsuggest-attribute=format -Wsuggest-attribute=noreturn -Wsuggest-attribute=pure -Wswitch -Wsync-nand -Wtrampolines -Wtrigraphs -Wtype-limits -Wuninitialized -Wunknown-pragmas -Wunused -Wunused-but-set-parameter -Wunused-but-set-variable -Wunused-function -Wunused-label -Wunused-local-typedefs -Wunused-parameter -Wunused-result -Wunused-value -Wunused-variable -Wvarargs -Wvariadic-macros -Wvector-operation-performance -Wvolatile-register-var -Wwrite-strings -Wnormalized=nfc -Wno-sign-compare -Wno-unused-parameter -Wno-format-nonliteral -Wno-ignored-qualifiers -Wno-format-nonliteral -Wframe-larger-than=20460 -fstack-protector-all --param=ssp-buffer-size=4 -fexceptions -fasynchronous-unwind-tables -fdiagnostics-show-option -funit-at-a-time -fipa-pure-const -Wno-suggest-attribute=pure -Wno-suggest-attribute=const -Waggregate-return -Wstrict-prototypes -Wold-style-definition -Wnested-externs -Wformat-zero-length -Wpointer-to-int-cast -Wjump-misses-init'
Z_LIBS='-lz'
ac_ct_AR='ar'
ac_ct_CC='gcc'
ac_ct_DUMPBIN=''
am__EXEEXT_FALSE=''
am__EXEEXT_TRUE='#'
am__fastdepCC_FALSE='#'
am__fastdepCC_TRUE=''
am__include='include'
am__isrc=''
am__leading_dot='.'
am__nodep='_no'
am__quote=''
am__tar='$${TAR-tar} chof - "$$tardir"'
am__untar='$${TAR-tar} xf -'
bindir='${exec_prefix}/bin'
build='x86_64-unknown-linux-gnu'
build_alias=''
build_cpu='x86_64'
build_os='linux-gnu'
build_vendor='unknown'
datadir='${datarootdir}'
datarootdir='${prefix}/share'
docdir='${datarootdir}/doc/${PACKAGE_TARNAME}'
dvidir='${docdir}'
exec_prefix='${prefix}'
host='x86_64-unknown-linux-gnu'
host_alias=''
host_cpu='x86_64'
host_os='linux-gnu'
host_vendor='unknown'
htmldir='${docdir}'
includedir='${prefix}/include'
infodir='${datarootdir}/info'
install_sh='${SHELL} /root/spice-0.12.8/install-sh'
libdir='${exec_prefix}/lib'
libexecdir='${exec_prefix}/libexec'
localedir='${datarootdir}/locale'
localstatedir='${prefix}/var'
mandir='${datarootdir}/man'
mkdir_p='$(MKDIR_P)'
oldincludedir='/usr/include'
pdfdir='${docdir}'
prefix='/usr'
program_transform_name='s,x,x,'
psdir='${docdir}'
sbindir='${exec_prefix}/sbin'
sharedstatedir='${prefix}/com'
subdirs=' spice-common'
sysconfdir='${prefix}/etc'
target_alias=''

## ----------- ##
## confdefs.h. ##
## ----------- ##

/* confdefs.h */
#define PACKAGE_NAME "spice"
#define PACKAGE_TARNAME "spice"
#define PACKAGE_VERSION "0.12.8"
#define PACKAGE_STRING "spice 0.12.8"
#define PACKAGE_BUGREPORT "spice-devel@lists.freedesktop.org"
#define PACKAGE_URL ""
#define PACKAGE "spice"
#define VERSION "0.12.8"
#define STDC_HEADERS 1
#define HAVE_SYS_TYPES_H 1
#define HAVE_SYS_STAT_H 1
#define HAVE_STDLIB_H 1
#define HAVE_STRING_H 1
#define HAVE_MEMORY_H 1
#define HAVE_STRINGS_H 1
#define HAVE_INTTYPES_H 1
#define HAVE_STDINT_H 1
#define HAVE_UNISTD_H 1
#define HAVE_DLFCN_H 1
#define LT_OBJDIR ".libs/"
#define HAVE_SYS_TIME_H 1
#define HAVE_EXECINFO_H 1
#define HAVE_LINUX_SOCKIOS_H 1
#define HAVE_ALLOCA_H 1
#define HAVE_ALLOCA 1
#define HAVE_SASL 1

configure: exit 0
